{"/Users/mielynacosta/Desktop/dealuxeKart-server/backend/db/database.js": {"path":"/Users/mielynacosta/Desktop/dealuxeKart-server/backend/db/database.js","statementMap":{"0":{"start":{"line":1,"column":12},"end":{"line":1,"column":37}},"1":{"start":{"line":2,"column":11},"end":{"line":2,"column":50}},"2":{"start":{"line":4,"column":0},"end":{"line":4,"column":20}}},"fnMap":{},"branchMap":{},"s":{"0":2,"1":2,"2":2},"f":{},"b":{},"_coverageSchema":"43e27e138ebf9cfc5966b082cf9a028302ed4184","hash":"de9de882d2827e16364d0924e30b72f4690c572b"}
,"/Users/mielynacosta/Desktop/dealuxeKart-server/backend/services/customer_services.js": {"path":"/Users/mielynacosta/Desktop/dealuxeKart-server/backend/services/customer_services.js","statementMap":{"0":{"start":{"line":1,"column":11},"end":{"line":1,"column":36}},"1":{"start":{"line":2,"column":0},"end":{"line":2,"column":20}},"2":{"start":{"line":4,"column":0},"end":{"line":7,"column":5}},"3":{"start":{"line":5,"column":4},"end":{"line":6,"column":96}},"4":{"start":{"line":9,"column":0},"end":{"line":12,"column":1}},"5":{"start":{"line":10,"column":4},"end":{"line":10,"column":96}},"6":{"start":{"line":11,"column":4},"end":{"line":11,"column":90}},"7":{"start":{"line":14,"column":0},"end":{"line":17,"column":1}},"8":{"start":{"line":15,"column":4},"end":{"line":16,"column":103}},"9":{"start":{"line":19,"column":0},"end":{"line":21,"column":1}},"10":{"start":{"line":20,"column":4},"end":{"line":20,"column":89}},"11":{"start":{"line":25,"column":0},"end":{"line":25,"column":33}}},"fnMap":{"0":{"name":"(anonymous_0)","decl":{"start":{"line":4,"column":23},"end":{"line":4,"column":24}},"loc":{"start":{"line":4,"column":112},"end":{"line":7,"column":5}},"line":4},"1":{"name":"(anonymous_1)","decl":{"start":{"line":9,"column":22},"end":{"line":9,"column":23}},"loc":{"start":{"line":9,"column":38},"end":{"line":12,"column":1}},"line":9},"2":{"name":"(anonymous_2)","decl":{"start":{"line":14,"column":22},"end":{"line":14,"column":23}},"loc":{"start":{"line":14,"column":124},"end":{"line":17,"column":1}},"line":14},"3":{"name":"(anonymous_3)","decl":{"start":{"line":19,"column":25},"end":{"line":19,"column":26}},"loc":{"start":{"line":19,"column":41},"end":{"line":21,"column":1}},"line":19}},"branchMap":{},"s":{"0":1,"1":1,"2":1,"3":2,"4":1,"5":2,"6":2,"7":1,"8":2,"9":1,"10":2,"11":1},"f":{"0":2,"1":2,"2":2,"3":2},"b":{},"_coverageSchema":"43e27e138ebf9cfc5966b082cf9a028302ed4184","hash":"8f128e5e56a6913a46c9d0c505df7146b949ff9c"}
,"/Users/mielynacosta/Desktop/dealuxeKart-server/backend/services/orderline_service.js": {"path":"/Users/mielynacosta/Desktop/dealuxeKart-server/backend/services/orderline_service.js","statementMap":{"0":{"start":{"line":1,"column":11},"end":{"line":1,"column":36}},"1":{"start":{"line":2,"column":0},"end":{"line":2,"column":21}},"2":{"start":{"line":5,"column":0},"end":{"line":8,"column":5}},"3":{"start":{"line":6,"column":4},"end":{"line":7,"column":38}},"4":{"start":{"line":10,"column":0},"end":{"line":12,"column":1}},"5":{"start":{"line":11,"column":4},"end":{"line":11,"column":82}},"6":{"start":{"line":14,"column":0},"end":{"line":17,"column":1}},"7":{"start":{"line":15,"column":4},"end":{"line":16,"column":34}},"8":{"start":{"line":19,"column":0},"end":{"line":21,"column":1}},"9":{"start":{"line":20,"column":4},"end":{"line":20,"column":81}},"10":{"start":{"line":24,"column":0},"end":{"line":24,"column":34}}},"fnMap":{"0":{"name":"(anonymous_0)","decl":{"start":{"line":5,"column":24},"end":{"line":5,"column":25}},"loc":{"start":{"line":5,"column":56},"end":{"line":8,"column":5}},"line":5},"1":{"name":"(anonymous_1)","decl":{"start":{"line":10,"column":23},"end":{"line":10,"column":24}},"loc":{"start":{"line":10,"column":36},"end":{"line":12,"column":1}},"line":10},"2":{"name":"(anonymous_2)","decl":{"start":{"line":14,"column":23},"end":{"line":14,"column":24}},"loc":{"start":{"line":14,"column":55},"end":{"line":17,"column":1}},"line":14},"3":{"name":"(anonymous_3)","decl":{"start":{"line":19,"column":26},"end":{"line":19,"column":27}},"loc":{"start":{"line":19,"column":39},"end":{"line":21,"column":1}},"line":19}},"branchMap":{},"s":{"0":0,"1":0,"2":0,"3":0,"4":0,"5":0,"6":0,"7":0,"8":0,"9":0,"10":0},"f":{"0":0,"1":0,"2":0,"3":0},"b":{}}
,"/Users/mielynacosta/Desktop/dealuxeKart-server/backend/services/orders_services.js": {"path":"/Users/mielynacosta/Desktop/dealuxeKart-server/backend/services/orders_services.js","statementMap":{"0":{"start":{"line":1,"column":11},"end":{"line":1,"column":37}},"1":{"start":{"line":2,"column":0},"end":{"line":2,"column":17}},"2":{"start":{"line":4,"column":0},"end":{"line":8,"column":1}},"3":{"start":{"line":5,"column":3},"end":{"line":6,"column":95}},"4":{"start":{"line":10,"column":0},"end":{"line":12,"column":1}},"5":{"start":{"line":11,"column":4},"end":{"line":11,"column":79}},"6":{"start":{"line":14,"column":0},"end":{"line":17,"column":1}},"7":{"start":{"line":15,"column":4},"end":{"line":16,"column":97}},"8":{"start":{"line":19,"column":0},"end":{"line":21,"column":1}},"9":{"start":{"line":20,"column":4},"end":{"line":20,"column":78}},"10":{"start":{"line":25,"column":0},"end":{"line":25,"column":30}}},"fnMap":{"0":{"name":"(anonymous_0)","decl":{"start":{"line":4,"column":20},"end":{"line":4,"column":21}},"loc":{"start":{"line":4,"column":115},"end":{"line":8,"column":1}},"line":4},"1":{"name":"(anonymous_1)","decl":{"start":{"line":10,"column":19},"end":{"line":10,"column":20}},"loc":{"start":{"line":10,"column":32},"end":{"line":12,"column":1}},"line":10},"2":{"name":"(anonymous_2)","decl":{"start":{"line":14,"column":19},"end":{"line":14,"column":20}},"loc":{"start":{"line":14,"column":114},"end":{"line":17,"column":1}},"line":14},"3":{"name":"(anonymous_3)","decl":{"start":{"line":19,"column":22},"end":{"line":19,"column":23}},"loc":{"start":{"line":19,"column":35},"end":{"line":21,"column":1}},"line":19}},"branchMap":{},"s":{"0":0,"1":0,"2":0,"3":0,"4":0,"5":0,"6":0,"7":0,"8":0,"9":0,"10":0},"f":{"0":0,"1":0,"2":0,"3":0},"b":{}}
,"/Users/mielynacosta/Desktop/dealuxeKart-server/backend/services/products_services.js": {"path":"/Users/mielynacosta/Desktop/dealuxeKart-server/backend/services/products_services.js","statementMap":{"0":{"start":{"line":1,"column":11},"end":{"line":1,"column":36}},"1":{"start":{"line":2,"column":0},"end":{"line":2,"column":19}},"2":{"start":{"line":6,"column":0},"end":{"line":9,"column":5}},"3":{"start":{"line":7,"column":4},"end":{"line":8,"column":112}},"4":{"start":{"line":11,"column":0},"end":{"line":13,"column":1}},"5":{"start":{"line":12,"column":4},"end":{"line":12,"column":87}},"6":{"start":{"line":15,"column":0},"end":{"line":18,"column":1}},"7":{"start":{"line":16,"column":4},"end":{"line":17,"column":119}},"8":{"start":{"line":20,"column":0},"end":{"line":22,"column":1}},"9":{"start":{"line":21,"column":4},"end":{"line":21,"column":86}},"10":{"start":{"line":26,"column":0},"end":{"line":26,"column":32}}},"fnMap":{"0":{"name":"(anonymous_0)","decl":{"start":{"line":6,"column":22},"end":{"line":6,"column":23}},"loc":{"start":{"line":6,"column":128},"end":{"line":9,"column":5}},"line":6},"1":{"name":"(anonymous_1)","decl":{"start":{"line":11,"column":21},"end":{"line":11,"column":22}},"loc":{"start":{"line":11,"column":36},"end":{"line":13,"column":1}},"line":11},"2":{"name":"(anonymous_2)","decl":{"start":{"line":15,"column":21},"end":{"line":15,"column":22}},"loc":{"start":{"line":15,"column":138},"end":{"line":18,"column":1}},"line":15},"3":{"name":"(anonymous_3)","decl":{"start":{"line":20,"column":24},"end":{"line":20,"column":25}},"loc":{"start":{"line":20,"column":39},"end":{"line":22,"column":1}},"line":20}},"branchMap":{},"s":{"0":1,"1":1,"2":1,"3":2,"4":1,"5":2,"6":1,"7":2,"8":1,"9":2,"10":1},"f":{"0":2,"1":2,"2":2,"3":2},"b":{},"_coverageSchema":"43e27e138ebf9cfc5966b082cf9a028302ed4184","hash":"6829f36db14bada7e24c47dbce62b721da38bc3b"}
,"/Users/mielynacosta/Desktop/dealuxeKart-server/backend/services/supplier_services.js": {"path":"/Users/mielynacosta/Desktop/dealuxeKart-server/backend/services/supplier_services.js","statementMap":{"0":{"start":{"line":1,"column":11},"end":{"line":1,"column":36}},"1":{"start":{"line":2,"column":0},"end":{"line":2,"column":20}},"2":{"start":{"line":6,"column":0},"end":{"line":9,"column":5}},"3":{"start":{"line":7,"column":4},"end":{"line":8,"column":120}},"4":{"start":{"line":11,"column":0},"end":{"line":13,"column":1}},"5":{"start":{"line":12,"column":4},"end":{"line":12,"column":91}},"6":{"start":{"line":15,"column":0},"end":{"line":18,"column":1}},"7":{"start":{"line":16,"column":4},"end":{"line":17,"column":128}},"8":{"start":{"line":20,"column":0},"end":{"line":22,"column":1}},"9":{"start":{"line":21,"column":4},"end":{"line":21,"column":90}},"10":{"start":{"line":26,"column":0},"end":{"line":26,"column":33}}},"fnMap":{"0":{"name":"(anonymous_0)","decl":{"start":{"line":6,"column":23},"end":{"line":6,"column":24}},"loc":{"start":{"line":6,"column":138},"end":{"line":9,"column":5}},"line":6},"1":{"name":"(anonymous_1)","decl":{"start":{"line":11,"column":22},"end":{"line":11,"column":23}},"loc":{"start":{"line":11,"column":38},"end":{"line":13,"column":1}},"line":11},"2":{"name":"(anonymous_2)","decl":{"start":{"line":15,"column":22},"end":{"line":15,"column":23}},"loc":{"start":{"line":15,"column":148},"end":{"line":18,"column":1}},"line":15},"3":{"name":"(anonymous_3)","decl":{"start":{"line":20,"column":25},"end":{"line":20,"column":26}},"loc":{"start":{"line":20,"column":41},"end":{"line":22,"column":1}},"line":20}},"branchMap":{},"s":{"0":0,"1":0,"2":0,"3":0,"4":0,"5":0,"6":0,"7":0,"8":0,"9":0,"10":0},"f":{"0":0,"1":0,"2":0,"3":0},"b":{}}
}
